<?xml version="1.0" encoding="UTF-8"?>
<!-- Generated by org.testng.reporters.JUnitReportReporter -->
<testsuite skipped="0" hostname="DESKTOP-IUIGTE3" name="kiteZeroda_TestCase.TestCaseExecution_kite" tests="2" failures="0" timestamp="2021-05-09T12:23:41 IST" time="10.260" errors="0">
  <testcase name="verifyProfile_Name" time="4.154" classname="kiteZeroda_TestCase.TestCaseExecution_kite"/>
  <system-out/>
  <testcase name="buyShares_1" time="6.106" classname="kiteZeroda_TestCase.TestCaseExecution_kite"/>
  <system-out/>
</testsuite> <!-- kiteZeroda_TestCase.TestCaseExecution_kite -->
